<?xml version="1.0" encoding="UTF-8"?>
<!-- Generated by org.testng.reporters.JUnitReportReporter -->
<testsuite hostname="Vijay" failures="0" tests="3" name="com.qa.app.tests.LoginTest" time="17.934" errors="0" timestamp="2023-07-25T02:29:55 IST" skipped="0">
  <testcase classname="com.qa.app.tests.LoginTest" name="login2" time="5.149"/>
  <system-out/>
  <testcase classname="com.qa.app.tests.LoginTest" name="login3" time="7.582"/>
  <system-out/>
  <testcase classname="com.qa.app.tests.LoginTest" name="login1" time="5.203"/>
  <system-out/>
</testsuite> <!-- com.qa.app.tests.LoginTest -->
